c:\users\ross\documents\github\gp3\lab1cube\lab1cube\debug\vc120.pdb
c:\users\ross\documents\github\gp3\lab1cube\lab1cube\debug\vc120.idb
c:\users\ross\documents\github\gp3\lab1cube\lab1cube\debug\ccolours.obj
c:\users\ross\documents\github\gp3\lab1cube\lab1cube\debug\ccube.obj
c:\users\ross\documents\github\gp3\lab1cube\lab1cube\debug\cshapes.obj
c:\users\ross\documents\github\gp3\lab1cube\lab1cube\debug\cwndmanager.obj
c:\users\ross\documents\github\gp3\lab1cube\lab1cube\debug\gameconstants.obj
c:\users\ross\documents\github\gp3\lab1cube\lab1cube\debug\mainstudent.obj
c:\users\ross\documents\github\gp3\lab1cube\lab1cube\debug\windowogl.obj
c:\users\ross\documents\github\gp3\lab1cube\lab1cube\debug\cpyramid.obj
c:\users\ross\documents\github\gp3\lab1cube\lab1cube\debug\vc140.pdb
c:\users\ross\documents\github\gp3\lab1cube\lab1cube\debug\vc140.idb
c:\users\ross\documents\github\gp3\lab1cube\debug\lab1cube.pdb
c:\users\ross\documents\github\gp3\lab1cube\lab1cube\debug\lab1cube.tlog\cl.command.1.tlog
c:\users\ross\documents\github\gp3\lab1cube\lab1cube\debug\lab1cube.tlog\cl.read.1.tlog
c:\users\ross\documents\github\gp3\lab1cube\lab1cube\debug\lab1cube.tlog\cl.write.1.tlog
c:\users\ross\documents\github\gp3\lab1cube\lab1cube\debug\lab1cube.tlog\link.8100-cvtres.read.1.tlog
c:\users\ross\documents\github\gp3\lab1cube\lab1cube\debug\lab1cube.tlog\link.8100-cvtres.write.1.tlog
c:\users\ross\documents\github\gp3\lab1cube\lab1cube\debug\lab1cube.tlog\link.8100-rc.read.1.tlog
c:\users\ross\documents\github\gp3\lab1cube\lab1cube\debug\lab1cube.tlog\link.8100-rc.write.1.tlog
c:\users\ross\documents\github\gp3\lab1cube\lab1cube\debug\lab1cube.tlog\link.8100.read.1.tlog
c:\users\ross\documents\github\gp3\lab1cube\lab1cube\debug\lab1cube.tlog\link.8100.write.1.tlog
c:\users\ross\documents\github\gp3\lab1cube\lab1cube\debug\lab1cube.tlog\link.command.1.tlog
c:\users\ross\documents\github\gp3\lab1cube\lab1cube\debug\lab1cube.tlog\link.read.1.tlog
c:\users\ross\documents\github\gp3\lab1cube\lab1cube\debug\lab1cube.tlog\link.write.1.tlog
