Build started 05/10/2015 11:01:18.
     1>Project "C:\Users\Ross\Documents\GitHub\GP3\Lab2\Lab2\Lab2.vcxproj" on node 2 (Build target(s)).
     1>ClCompile:
         C:\Program Files (x86)\Microsoft Visual Studio 14.0\VC\bin\CL.exe /c /ZI /nologo /W3 /WX- /sdl /Od /Oy- /D _MBCS /Gm /EHsc /RTC1 /MDd /GS /fp:precise /Zc:wchar_t /Zc:forScope /Zc:inline /Fo"Debug\\" /Fd"Debug\vc140.pdb" /Gd /TP /analyze- /errorReport:prompt ..\cCube.cpp
         cCube.cpp
       Link:
         C:\Program Files (x86)\Microsoft Visual Studio 14.0\VC\bin\link.exe /ERRORREPORT:PROMPT /OUT:"C:\Users\Ross\Documents\GitHub\GP3\Lab2\Debug\Lab2.exe" /INCREMENTAL /NOLOGO kernel32.lib user32.lib gdi32.lib winspool.lib comdlg32.lib advapi32.lib shell32.lib ole32.lib oleaut32.lib uuid.lib odbc32.lib odbccp32.lib /MANIFEST /MANIFESTUAC:"level='asInvoker' uiAccess='false'" /manifest:embed /Debug /PDB:"C:\Users\Ross\Documents\GitHub\GP3\Lab2\Debug\Lab2.pdb" /TLBID:1 /DYNAMICBASE /NXCOMPAT /IMPLIB:"C:\Users\Ross\Documents\GitHub\GP3\Lab2\Debug\Lab2.lib" /MACHINE:X86 Debug\cColours.obj
         Debug\cCube.obj
         Debug\cPyramid.obj
         Debug\cShapes.obj
         Debug\cTexture.obj
         Debug\cTriangle.obj
         Debug\cWNDManager.obj
         Debug\GameConstants.obj
         Debug\mainStudent.obj
         Debug\windowOGL.obj
         ..\Libraries\DevIL.lib
         ..\Libraries\freeglut.lib
         ..\Libraries\ILU.lib
         ..\Libraries\ILUT.lib
         Lab2.vcxproj -> C:\Users\Ross\Documents\GitHub\GP3\Lab2\Debug\Lab2.exe
     1>Done Building Project "C:\Users\Ross\Documents\GitHub\GP3\Lab2\Lab2\Lab2.vcxproj" (Build target(s)).

Build succeeded.

Time Elapsed 00:00:02.36
