c:\users\ross\documents\github\gp3\lab2\lab2\debug\vc140.pdb
c:\users\ross\documents\github\gp3\lab2\lab2\debug\vc140.idb
c:\users\ross\documents\github\gp3\lab2\lab2\debug\ccolours.obj
c:\users\ross\documents\github\gp3\lab2\lab2\debug\ccube.obj
c:\users\ross\documents\github\gp3\lab2\lab2\debug\cpyramid.obj
c:\users\ross\documents\github\gp3\lab2\lab2\debug\cshapes.obj
c:\users\ross\documents\github\gp3\lab2\lab2\debug\ctexture.obj
c:\users\ross\documents\github\gp3\lab2\lab2\debug\ctriangle.obj
c:\users\ross\documents\github\gp3\lab2\lab2\debug\cwndmanager.obj
c:\users\ross\documents\github\gp3\lab2\lab2\debug\gameconstants.obj
c:\users\ross\documents\github\gp3\lab2\lab2\debug\mainstudent.obj
c:\users\ross\documents\github\gp3\lab2\lab2\debug\windowogl.obj
c:\users\ross\documents\github\gp3\lab2\debug\lab2.ilk
c:\users\ross\documents\github\gp3\lab2\debug\lab2.exe
c:\users\ross\documents\github\gp3\lab2\debug\lab2.pdb
c:\users\ross\documents\github\gp3\lab2\lab2\debug\lab2.tlog\cl.command.1.tlog
c:\users\ross\documents\github\gp3\lab2\lab2\debug\lab2.tlog\cl.read.1.tlog
c:\users\ross\documents\github\gp3\lab2\lab2\debug\lab2.tlog\cl.write.1.tlog
c:\users\ross\documents\github\gp3\lab2\lab2\debug\lab2.tlog\link.command.1.tlog
c:\users\ross\documents\github\gp3\lab2\lab2\debug\lab2.tlog\link.read.1.tlog
c:\users\ross\documents\github\gp3\lab2\lab2\debug\lab2.tlog\link.write.1.tlog
