Build started 12/10/2015 10:25:49.
     1>Project "C:\Users\Ross\Documents\GitHub\GP3\Lab3\Lab3\Lab3.vcxproj" on node 2 (Build target(s)).
     1>ClCompile:
         C:\Program Files (x86)\Microsoft Visual Studio 14.0\VC\bin\CL.exe /c /ZI /nologo /W3 /WX- /sdl /Od /Oy- /D _MBCS /Gm /EHsc /RTC1 /MDd /GS /fp:precise /Zc:wchar_t /Zc:forScope /Zc:inline /Fo"Debug\\" /Fd"Debug\vc140.pdb" /Gd /TP /analyze- /errorReport:prompt ..\cColours.cpp ..\cCube.cpp ..\cPyramid.cpp ..\cShapes.cpp ..\cSphere.cpp ..\cTexture.cpp ..\cTriangle.cpp ..\cWNDManager.cpp ..\GameConstants.cpp ..\Studentmain.cpp ..\windowOGL.cpp
         windowOGL.cpp
         Studentmain.cpp
         GameConstants.cpp
         cWNDManager.cpp
         cTriangle.cpp
         cTexture.cpp
         cSphere.cpp
         cShapes.cpp
         cPyramid.cpp
         cCube.cpp
         cColours.cpp
         Generating Code...
       Link:
         C:\Program Files (x86)\Microsoft Visual Studio 14.0\VC\bin\link.exe /ERRORREPORT:PROMPT /OUT:"C:\Users\Ross\Documents\GitHub\GP3\Lab3\Debug\Lab3.exe" /INCREMENTAL /NOLOGO kernel32.lib user32.lib gdi32.lib winspool.lib comdlg32.lib advapi32.lib shell32.lib ole32.lib oleaut32.lib uuid.lib odbc32.lib odbccp32.lib /MANIFEST /MANIFESTUAC:"level='asInvoker' uiAccess='false'" /manifest:embed /Debug /PDB:"C:\Users\Ross\Documents\GitHub\GP3\Lab3\Debug\Lab3.pdb" /TLBID:1 /DYNAMICBASE /NXCOMPAT /IMPLIB:"C:\Users\Ross\Documents\GitHub\GP3\Lab3\Debug\Lab3.lib" /MACHINE:X86 Debug\cColours.obj
         Debug\cCube.obj
         Debug\cPyramid.obj
         Debug\cShapes.obj
         Debug\cSphere.obj
         Debug\cTexture.obj
         Debug\cTriangle.obj
         Debug\cWNDManager.obj
         Debug\GameConstants.obj
         Debug\Studentmain.obj
         Debug\windowOGL.obj
         ..\Libraries\DevIL.lib
         ..\Libraries\freeglut.lib
         ..\Libraries\ftgl.lib
         ..\Libraries\ILU.lib
         Lab3.vcxproj -> C:\Users\Ross\Documents\GitHub\GP3\Lab3\Debug\Lab3.exe
     1>Done Building Project "C:\Users\Ross\Documents\GitHub\GP3\Lab3\Lab3\Lab3.vcxproj" (Build target(s)).

Build succeeded.

Time Elapsed 00:00:08.71
