c:\users\ross\documents\github\gp3\lab3\lab3\debug\vc140.pdb
c:\users\ross\documents\github\gp3\lab3\lab3\debug\vc140.idb
c:\users\ross\documents\github\gp3\lab3\lab3\debug\ccolours.obj
c:\users\ross\documents\github\gp3\lab3\lab3\debug\ccube.obj
c:\users\ross\documents\github\gp3\lab3\lab3\debug\cpyramid.obj
c:\users\ross\documents\github\gp3\lab3\lab3\debug\cshapes.obj
c:\users\ross\documents\github\gp3\lab3\lab3\debug\csphere.obj
c:\users\ross\documents\github\gp3\lab3\lab3\debug\ctexture.obj
c:\users\ross\documents\github\gp3\lab3\lab3\debug\ctriangle.obj
c:\users\ross\documents\github\gp3\lab3\lab3\debug\cwndmanager.obj
c:\users\ross\documents\github\gp3\lab3\lab3\debug\gameconstants.obj
c:\users\ross\documents\github\gp3\lab3\lab3\debug\studentmain.obj
c:\users\ross\documents\github\gp3\lab3\lab3\debug\windowogl.obj
c:\users\ross\documents\github\gp3\lab3\debug\lab3.ilk
c:\users\ross\documents\github\gp3\lab3\debug\lab3.exe
c:\users\ross\documents\github\gp3\lab3\debug\lab3.pdb
c:\users\ross\documents\github\gp3\lab3\lab3\debug\lab3.tlog\cl.command.1.tlog
c:\users\ross\documents\github\gp3\lab3\lab3\debug\lab3.tlog\cl.read.1.tlog
c:\users\ross\documents\github\gp3\lab3\lab3\debug\lab3.tlog\cl.write.1.tlog
c:\users\ross\documents\github\gp3\lab3\lab3\debug\lab3.tlog\link.command.1.tlog
c:\users\ross\documents\github\gp3\lab3\lab3\debug\lab3.tlog\link.read.1.tlog
c:\users\ross\documents\github\gp3\lab3\lab3\debug\lab3.tlog\link.write.1.tlog
