Build started 26/10/2015 10:36:21.
     1>Project "C:\Users\Ross\Documents\GitHub\GP3\lab5\lab5\lab5.vcxproj" on node 2 (Build target(s)).
     1>ClCompile:
         C:\Program Files (x86)\Microsoft Visual Studio 14.0\VC\bin\CL.exe /c /ZI /nologo /W3 /WX- /sdl /Od /Oy- /D _MBCS /Gm /EHsc /RTC1 /MDd /GS /fp:precise /Zc:wchar_t /Zc:forScope /Zc:inline /Fo"Debug\\" /Fd"Debug\vc140.pdb" /Gd /TP /analyze- /errorReport:prompt ..\cStarfield.cpp
         cStarfield.cpp
     1>c:\users\ross\documents\github\gp3\lab5\cstarfield.cpp(52): warning C4018: '<': signed/unsigned mismatch
     1>c:\users\ross\documents\github\gp3\lab5\cstarfield.cpp(89): warning C4244: '=': conversion from 'int' to 'float', possible loss of data
     1>c:\users\ross\documents\github\gp3\lab5\cstarfield.cpp(93): warning C4244: '=': conversion from 'int' to 'float', possible loss of data
     1>c:\users\ross\documents\github\gp3\lab5\cstarfield.cpp(97): warning C4244: '=': conversion from 'int' to 'float', possible loss of data
     1>c:\users\ross\documents\github\gp3\lab5\cstarfield.cpp(101): warning C4244: '=': conversion from 'int' to 'float', possible loss of data
     1>c:\users\ross\documents\github\gp3\lab5\cstarfield.cpp(105): warning C4244: '=': conversion from 'int' to 'float', possible loss of data
     1>c:\users\ross\documents\github\gp3\lab5\cstarfield.cpp(109): warning C4244: '=': conversion from 'int' to 'float', possible loss of data
       Link:
         C:\Program Files (x86)\Microsoft Visual Studio 14.0\VC\bin\link.exe /ERRORREPORT:PROMPT /OUT:"C:\Users\Ross\Documents\GitHub\GP3\lab5\Debug\lab5.exe" /INCREMENTAL /NOLOGO kernel32.lib user32.lib gdi32.lib winspool.lib comdlg32.lib advapi32.lib shell32.lib ole32.lib oleaut32.lib uuid.lib odbc32.lib odbccp32.lib /MANIFEST /MANIFESTUAC:"level='asInvoker' uiAccess='false'" /manifest:embed /Debug /PDB:"C:\Users\Ross\Documents\GitHub\GP3\lab5\Debug\lab5.pdb" /TLBID:1 /DYNAMICBASE /NXCOMPAT /IMPLIB:"C:\Users\Ross\Documents\GitHub\GP3\lab5\Debug\lab5.lib" /MACHINE:X86 Debug\cColours.obj
         Debug\cCube.obj
         Debug\cLight.obj
         Debug\cMaterial.obj
         Debug\cPyramid.obj
         Debug\cShapes.obj
         Debug\cSphere.obj
         Debug\cStarfield.obj
         Debug\cTexture.obj
         Debug\cTriangle.obj
         Debug\cWNDManager.obj
         Debug\GameConstants.obj
         Debug\StudentMain.obj
         Debug\windowOGL.obj
         ..\Libraries\DevIL.lib
         ..\Libraries\freeglut.lib
         ..\Libraries\ILU.lib
         ..\Libraries\ILUT.lib
         lab5.vcxproj -> C:\Users\Ross\Documents\GitHub\GP3\lab5\Debug\lab5.exe
     1>Done Building Project "C:\Users\Ross\Documents\GitHub\GP3\lab5\lab5\lab5.vcxproj" (Build target(s)).

Build succeeded.

Time Elapsed 00:00:01.44
