c:\users\ross\documents\github\gp3\lab4\lab4\debug\vc140.pdb
c:\users\ross\documents\github\gp3\lab4\lab4\debug\vc140.idb
c:\users\ross\documents\github\gp3\lab4\lab4\debug\ccolours.obj
c:\users\ross\documents\github\gp3\lab4\lab4\debug\ccube.obj
c:\users\ross\documents\github\gp3\lab4\lab4\debug\clight.obj
c:\users\ross\documents\github\gp3\lab4\lab4\debug\cmaterial.obj
c:\users\ross\documents\github\gp3\lab4\lab4\debug\cpyramid.obj
c:\users\ross\documents\github\gp3\lab4\lab4\debug\cshapes.obj
c:\users\ross\documents\github\gp3\lab4\lab4\debug\csphere.obj
c:\users\ross\documents\github\gp3\lab4\lab4\debug\ctexture.obj
c:\users\ross\documents\github\gp3\lab4\lab4\debug\ctriangle.obj
c:\users\ross\documents\github\gp3\lab4\lab4\debug\cwndmanager.obj
c:\users\ross\documents\github\gp3\lab4\lab4\debug\gameconstants.obj
c:\users\ross\documents\github\gp3\lab4\lab4\debug\main.obj
c:\users\ross\documents\github\gp3\lab4\lab4\debug\studentmain.obj
c:\users\ross\documents\github\gp3\lab4\lab4\debug\windowogl.obj
c:\users\ross\documents\github\gp3\lab4\debug\lab4.pdb
c:\users\ross\documents\github\gp3\lab4\lab4\debug\lab4.tlog\cl.command.1.tlog
c:\users\ross\documents\github\gp3\lab4\lab4\debug\lab4.tlog\cl.read.1.tlog
c:\users\ross\documents\github\gp3\lab4\lab4\debug\lab4.tlog\cl.write.1.tlog
c:\users\ross\documents\github\gp3\lab4\lab4\debug\lab4.tlog\link-cvtres.read.1.tlog
c:\users\ross\documents\github\gp3\lab4\lab4\debug\lab4.tlog\link-cvtres.write.1.tlog
c:\users\ross\documents\github\gp3\lab4\lab4\debug\lab4.tlog\link-rc.read.1.tlog
c:\users\ross\documents\github\gp3\lab4\lab4\debug\lab4.tlog\link-rc.write.1.tlog
c:\users\ross\documents\github\gp3\lab4\lab4\debug\lab4.tlog\link.command.1.tlog
c:\users\ross\documents\github\gp3\lab4\lab4\debug\lab4.tlog\link.read.1.tlog
c:\users\ross\documents\github\gp3\lab4\lab4\debug\lab4.tlog\link.write.1.tlog
