Build started 19/10/2015 11:02:43.
     1>Project "C:\Users\Ross\Documents\GitHub\GP3\Lab4\Lab4\Lab4.vcxproj" on node 2 (Build target(s)).
     1>ClCompile:
         C:\Program Files (x86)\Microsoft Visual Studio 14.0\VC\bin\CL.exe /c /ZI /nologo /W3 /WX- /sdl /Od /Oy- /D _MBCS /Gm /EHsc /RTC1 /MDd /GS /fp:precise /Zc:wchar_t /Zc:forScope /Zc:inline /Fo"Debug\\" /Fd"Debug\vc140.pdb" /Gd /TP /analyze- /errorReport:prompt ..\main.cpp
         main.cpp
     1>c:\users\ross\documents\github\gp3\lab4\main.cpp(91): warning C4838: conversion from 'double' to 'GLfloat' requires a narrowing conversion
     1>c:\users\ross\documents\github\gp3\lab4\main.cpp(91): warning C4305: 'initializing': truncation from 'double' to 'GLfloat'
       Link:
         C:\Program Files (x86)\Microsoft Visual Studio 14.0\VC\bin\link.exe /ERRORREPORT:PROMPT /OUT:"C:\Users\Ross\Documents\GitHub\GP3\Lab4\Debug\Lab4.exe" /INCREMENTAL /NOLOGO kernel32.lib user32.lib gdi32.lib winspool.lib comdlg32.lib advapi32.lib shell32.lib ole32.lib oleaut32.lib uuid.lib odbc32.lib odbccp32.lib /MANIFEST /MANIFESTUAC:"level='asInvoker' uiAccess='false'" /manifest:embed /Debug /PDB:"C:\Users\Ross\Documents\GitHub\GP3\Lab4\Debug\Lab4.pdb" /TLBID:1 /DYNAMICBASE /NXCOMPAT /IMPLIB:"C:\Users\Ross\Documents\GitHub\GP3\Lab4\Debug\Lab4.lib" /MACHINE:X86 Debug\cColours.obj
         Debug\cCube.obj
         Debug\cLight.obj
         Debug\cMaterial.obj
         Debug\cPyramid.obj
         Debug\cShapes.obj
         Debug\cSphere.obj
         Debug\cTexture.obj
         Debug\cTriangle.obj
         Debug\cWNDManager.obj
         Debug\GameConstants.obj
         Debug\main.obj
         Debug\windowOGL.obj
         ..\Libraries\DevIL.lib
         ..\Libraries\freeglut.lib
         ..\Libraries\ILU.lib
         ..\Libraries\ILUT.lib
         Lab4.vcxproj -> C:\Users\Ross\Documents\GitHub\GP3\Lab4\Debug\Lab4.exe
     1>Done Building Project "C:\Users\Ross\Documents\GitHub\GP3\Lab4\Lab4\Lab4.vcxproj" (Build target(s)).

Build succeeded.

Time Elapsed 00:00:01.15
